<?xml version="1.0" encoding="UTF-8"?>
<testsuite xmlns:xsi="http://www.w3.org/2001/XMLSchema-instance" xsi:noNamespaceSchemaLocation="https://maven.apache.org/surefire/maven-surefire-plugin/xsd/surefire-test-report.xsd" name="TestSuite" time="55.107" tests="36" errors="0" skipped="0" failures="18">
  <properties>
[...]
</properties>
  <testcase name="testAllCategories" classname="com.icndb.categories.TestCategories" time="6.77"/>
  <testcase name="testIncorrectCategories" classname="com.icndb.categories.TestCategories" time="0.312">
    <failure message="1 expectation failed.&#10;Expected status code &lt;404&gt; but was &lt;200&gt;.&#10;" type="java.lang.AssertionError"><![CDATA[java.lang.AssertionError: 
1 expectation failed.
Expected status code <404> but was <200>.

	at com.icndb.categories.TestCategories.testIncorrectCategories(TestCategories.java:61)
]]></failure>
  </testcase>
  <testcase name="testExcludeCategoriesNegative" classname="com.icndb.categories.TestExcludeCategories" time="0.857">
    <failure message="expected [NoSuchCategoryException] but found [success]" type="java.lang.AssertionError">java.lang.AssertionError: expected [NoSuchCategoryException] but found [success]
	at com.icndb.categories.TestExcludeCategories.testExcludeCategoriesNegative(TestExcludeCategories.java:80)
</failure>
  </testcase>
  <testcase name="testExcludeCategoriesNegative" classname="com.icndb.categories.TestExcludeCategories" time="0.431">
    <failure message="expected [NoSuchCategoryException] but found [success]" type="java.lang.AssertionError">java.lang.AssertionError: expected [NoSuchCategoryException] but found [success]
	at com.icndb.categories.TestExcludeCategories.testExcludeCategoriesNegative(TestExcludeCategories.java:80)
</failure>
  </testcase>
  <testcase name="testExcludeCategoriesNegative" classname="com.icndb.categories.TestExcludeCategories" time="0.439">
    <failure message="expected [NoSuchCategoryException] but found [success]" type="java.lang.AssertionError">java.lang.AssertionError: expected [NoSuchCategoryException] but found [success]
	at com.icndb.categories.TestExcludeCategories.testExcludeCategoriesNegative(TestExcludeCategories.java:80)
</failure>
  </testcase>
  <testcase name="testExcludeCategoriesNegative" classname="com.icndb.categories.TestExcludeCategories" time="0.33">
    <failure message="expected [NoSuchCategoryException] but found [success]" type="java.lang.AssertionError">java.lang.AssertionError: expected [NoSuchCategoryException] but found [success]
	at com.icndb.categories.TestExcludeCategories.testExcludeCategoriesNegative(TestExcludeCategories.java:80)
</failure>
  </testcase>
  <testcase name="testExcludeCategoriesPositive" classname="com.icndb.categories.TestExcludeCategories" time="10.685"/>
  <testcase name="testExcludeCategoriesPositive" classname="com.icndb.categories.TestExcludeCategories" time="7.293"/>
  <testcase name="testExcludeCategoriesPositive" classname="com.icndb.categories.TestExcludeCategories" time="6.6"/>
  <testcase name="testLimitToCategoriesNegative" classname="com.icndb.categories.TestLimitToCategories" time="0.227">
    <failure message="expected [NoSuchCategoryException] but found [success]" type="java.lang.AssertionError">java.lang.AssertionError: expected [NoSuchCategoryException] but found [success]
	at com.icndb.categories.TestLimitToCategories.testLimitToCategoriesNegative(TestLimitToCategories.java:77)
</failure>
  </testcase>
  <testcase name="testLimitToCategoriesNegative" classname="com.icndb.categories.TestLimitToCategories" time="0.429">
    <failure message="expected [NoSuchCategoryException] but found [success]" type="java.lang.AssertionError">java.lang.AssertionError: expected [NoSuchCategoryException] but found [success]
	at com.icndb.categories.TestLimitToCategories.testLimitToCategoriesNegative(TestLimitToCategories.java:77)
</failure>
  </testcase>
  <testcase name="testLimitToCategoriesNegative" classname="com.icndb.categories.TestLimitToCategories" time="0.267">
    <failure message="expected [NoSuchCategoryException] but found [success]" type="java.lang.AssertionError">java.lang.AssertionError: expected [NoSuchCategoryException] but found [success]
	at com.icndb.categories.TestLimitToCategories.testLimitToCategoriesNegative(TestLimitToCategories.java:77)
</failure>
  </testcase>
  <testcase name="testLimitToCategoriesNegative" classname="com.icndb.categories.TestLimitToCategories" time="0.202">
    <failure message="expected [NoSuchCategoryException] but found [success]" type="java.lang.AssertionError">java.lang.AssertionError: expected [NoSuchCategoryException] but found [success]
	at com.icndb.categories.TestLimitToCategories.testLimitToCategoriesNegative(TestLimitToCategories.java:77)
</failure>
  </testcase>
  <testcase name="testLimitToCategoriesPositive" classname="com.icndb.categories.TestLimitToCategories" time="0.332"/>
  <testcase name="testLimitToCategoriesPositive" classname="com.icndb.categories.TestLimitToCategories" time="1.574"/>
  <testcase name="testLimitToCategoriesPositive" classname="com.icndb.categories.TestLimitToCategories" time="3.29"/>
  <testcase name="testCountOfDisplayedJokes" classname="com.icndb.jokes.TestJokes" time="0.701"/>
  <testcase name="testCountOfJokes" classname="com.icndb.jokes.TestJokes" time="0.677"/>
  <testcase name="testIncorrectEndPointAfterJokes" classname="com.icndb.jokes.TestJokes" time="0.453">
    <failure message="1 expectation failed.&#10;Expected status code &lt;404&gt; but was &lt;200&gt;.&#10;" type="java.lang.AssertionError"><![CDATA[java.lang.AssertionError: 
1 expectation failed.
Expected status code <404> but was <200>.

	at com.icndb.jokes.TestJokes.testIncorrectEndPointAfterJokes(TestJokes.java:123)
]]></failure>
  </testcase>
  <testcase name="testIncorrectEndPointJokes" classname="com.icndb.jokes.TestJokes" time="0.165">
    <failure message="1 expectation failed.&#10;Expected status code &lt;404&gt; but was &lt;200&gt;.&#10;" type="java.lang.AssertionError"><![CDATA[java.lang.AssertionError: 
1 expectation failed.
Expected status code <404> but was <200>.

	at com.icndb.jokes.TestJokes.testIncorrectEndPointJokes(TestJokes.java:111)
]]></failure>
  </testcase>
  <testcase name="testJokesByIdNegative" classname="com.icndb.jokes.TestJokes" time="0.53"/>
  <testcase name="testJokesByIdNegative" classname="com.icndb.jokes.TestJokes" time="0.314">
    <failure message="expected [NoSuchQuoteException] but found [success]" type="java.lang.AssertionError">java.lang.AssertionError: expected [NoSuchQuoteException] but found [success]
	at com.icndb.jokes.TestJokes.testJokesByIdNegative(TestJokes.java:100)
</failure>
  </testcase>
  <testcase name="testJokesByIdNegative" classname="com.icndb.jokes.TestJokes" time="0.195">
    <failure message="expected [NoSuchQuoteException] but found [success]" type="java.lang.AssertionError">java.lang.AssertionError: expected [NoSuchQuoteException] but found [success]
	at com.icndb.jokes.TestJokes.testJokesByIdNegative(TestJokes.java:100)
</failure>
  </testcase>
  <testcase name="testJokesByIdPositive" classname="com.icndb.jokes.TestJokes" time="0.221"/>
  <testcase name="testJokesByIdPositive" classname="com.icndb.jokes.TestJokes" time="0.188"/>
  <testcase name="testJokesByIdPositive" classname="com.icndb.jokes.TestJokes" time="0.199"/>
  <testcase name="testChangeOfFirstnameAndLastname" classname="com.icndb.random_jokes.TestRandomJokes" time="0.437"/>
  <testcase name="testCountOfRandomJokesNegative" classname="com.icndb.random_jokes.TestRandomJokes" time="0.303">
    <failure message="expected [NoSuchQuoteException] but found [success]" type="java.lang.AssertionError">java.lang.AssertionError: expected [NoSuchQuoteException] but found [success]
	at com.icndb.random_jokes.TestRandomJokes.testCountOfRandomJokesNegative(TestRandomJokes.java:82)
</failure>
  </testcase>
  <testcase name="testCountOfRandomJokesNegative" classname="com.icndb.random_jokes.TestRandomJokes" time="0.195">
    <failure message="expected [NoSuchQuoteException] but found [success]" type="java.lang.AssertionError">java.lang.AssertionError: expected [NoSuchQuoteException] but found [success]
	at com.icndb.random_jokes.TestRandomJokes.testCountOfRandomJokesNegative(TestRandomJokes.java:82)
</failure>
  </testcase>
  <testcase name="testCountOfRandomJokesNegative" classname="com.icndb.random_jokes.TestRandomJokes" time="0.167">
    <failure message="expected [NoSuchQuoteException] but found [success]" type="java.lang.AssertionError">java.lang.AssertionError: expected [NoSuchQuoteException] but found [success]
	at com.icndb.random_jokes.TestRandomJokes.testCountOfRandomJokesNegative(TestRandomJokes.java:82)
</failure>
  </testcase>
  <testcase name="testCountOfRandomJokesNegative" classname="com.icndb.random_jokes.TestRandomJokes" time="0.377">
    <failure message="expected [NoSuchQuoteException] but found [success]" type="java.lang.AssertionError">java.lang.AssertionError: expected [NoSuchQuoteException] but found [success]
	at com.icndb.random_jokes.TestRandomJokes.testCountOfRandomJokesNegative(TestRandomJokes.java:82)
</failure>
  </testcase>
  <testcase name="testCountOfRandomJokesPositive" classname="com.icndb.random_jokes.TestRandomJokes" time="0.371"/>
  <testcase name="testCountOfRandomJokesPositive" classname="com.icndb.random_jokes.TestRandomJokes" time="0.819"/>
  <testcase name="testCountOfRandomJokesPositive" classname="com.icndb.random_jokes.TestRandomJokes" time="0.298"/>
  <testcase name="testCountOfRandomJokesPositive" classname="com.icndb.random_jokes.TestRandomJokes" time="0.325">
    <failure message="expected [1000] but found [558]" type="java.lang.AssertionError">java.lang.AssertionError: expected [1000] but found [558]
	at com.icndb.random_jokes.TestRandomJokes.testCountOfRandomJokesPositive(TestRandomJokes.java:74)
</failure>
  </testcase>
  <testcase name="testRandomJoke" classname="com.icndb.random_jokes.TestRandomJokes" time="0.207"/>
</testsuite>