<?xml version="1.0" encoding="UTF-8"?>
<!-- Generated by org.testng.reporters.JUnitXMLReporter -->
<testsuite hostname="Admin_PC" ignored="0" name="Test random jokes." tests="10" failures="5" timestamp="28 мая 2018 17:16:05 GMT" time="3.517" errors="0">
  <testcase name="testChangeOfFirstnameAndLastname" time="0.424" classname="com.icndb.random_jokes.TestRandomJokes"/>
  <testcase name="testCountOfRandomJokesNegative" time="0.302" classname="com.icndb.random_jokes.TestRandomJokes">
    <failure type="java.lang.AssertionError" message="expected [NoSuchQuoteException] but found [success]">
      <![CDATA[java.lang.AssertionError: expected [NoSuchQuoteException] but found [success]
at com.icndb.resources_data.RestUtilities.assertionType(RestUtilities.java:50)
at com.icndb.random_jokes.TestRandomJokes.testCountOfRandomJokesNegative(TestRandomJokes.java:82)
... Removed 35 stack frames]]>
    </failure>
  </testcase> <!-- testCountOfRandomJokesNegative -->
  <testcase name="testCountOfRandomJokesNegative" time="0.195" classname="com.icndb.random_jokes.TestRandomJokes">
    <failure type="java.lang.AssertionError" message="expected [NoSuchQuoteException] but found [success]">
      <![CDATA[java.lang.AssertionError: expected [NoSuchQuoteException] but found [success]
at com.icndb.resources_data.RestUtilities.assertionType(RestUtilities.java:50)
at com.icndb.random_jokes.TestRandomJokes.testCountOfRandomJokesNegative(TestRandomJokes.java:82)
... Removed 35 stack frames]]>
    </failure>
  </testcase> <!-- testCountOfRandomJokesNegative -->
  <testcase name="testCountOfRandomJokesNegative" time="0.168" classname="com.icndb.random_jokes.TestRandomJokes">
    <failure type="java.lang.AssertionError" message="expected [NoSuchQuoteException] but found [success]">
      <![CDATA[java.lang.AssertionError: expected [NoSuchQuoteException] but found [success]
at com.icndb.resources_data.RestUtilities.assertionType(RestUtilities.java:50)
at com.icndb.random_jokes.TestRandomJokes.testCountOfRandomJokesNegative(TestRandomJokes.java:82)
... Removed 35 stack frames]]>
    </failure>
  </testcase> <!-- testCountOfRandomJokesNegative -->
  <testcase name="testCountOfRandomJokesNegative" time="0.195" classname="com.icndb.random_jokes.TestRandomJokes">
    <failure type="java.lang.AssertionError" message="expected [NoSuchQuoteException] but found [success]">
      <![CDATA[java.lang.AssertionError: expected [NoSuchQuoteException] but found [success]
at com.icndb.resources_data.RestUtilities.assertionType(RestUtilities.java:50)
at com.icndb.random_jokes.TestRandomJokes.testCountOfRandomJokesNegative(TestRandomJokes.java:82)
... Removed 35 stack frames]]>
    </failure>
  </testcase> <!-- testCountOfRandomJokesNegative -->
  <testcase name="testCountOfRandomJokesPositive" time="0.371" classname="com.icndb.random_jokes.TestRandomJokes"/>
  <testcase name="testCountOfRandomJokesPositive" time="0.82" classname="com.icndb.random_jokes.TestRandomJokes"/>
  <testcase name="testCountOfRandomJokesPositive" time="0.298" classname="com.icndb.random_jokes.TestRandomJokes"/>
  <testcase name="testCountOfRandomJokesPositive" time="0.324" classname="com.icndb.random_jokes.TestRandomJokes">
    <failure type="java.lang.AssertionError" message="expected [1000] but found [558]">
      <![CDATA[java.lang.AssertionError: expected [1000] but found [558]
at com.icndb.random_jokes.TestRandomJokes.testCountOfRandomJokesPositive(TestRandomJokes.java:74)
... Removed 35 stack frames]]>
    </failure>
  </testcase> <!-- testCountOfRandomJokesPositive -->
  <testcase name="testRandomJoke" time="0.207" classname="com.icndb.random_jokes.TestRandomJokes"/>
</testsuite> <!-- Test random jokes. -->
