<?xml version="1.0" encoding="UTF-8"?>
<!-- Generated by org.testng.reporters.JUnitXMLReporter -->
<testsuite hostname="Admin_PC" ignored="0" name="Test random jokes." tests="10" failures="5" timestamp="02 июн 2018 10:18:52 GMT" time="6.132" errors="0">
  <testcase name="testChangeOfFirstnameAndLastname" time="0.581" classname="com.icndb.random_jokes.TestRandomJokes"/>
  <testcase name="testCountOfRandomJokesNegative" time="0.205" classname="com.icndb.random_jokes.TestRandomJokes">
    <failure type="java.lang.AssertionError" message="expected [NoSuchQuoteException] but found [success]">
      <![CDATA[java.lang.AssertionError: expected [NoSuchQuoteException] but found [success]
at com.icndb.resources_data.RestUtilities.assertionType(RestUtilities.java:50)
at com.icndb.random_jokes.TestRandomJokes.testCountOfRandomJokesNegative(TestRandomJokes.java:82)
... Removed 35 stack frames]]>
    </failure>
  </testcase> <!-- testCountOfRandomJokesNegative -->
  <testcase name="testCountOfRandomJokesNegative" time="0.408" classname="com.icndb.random_jokes.TestRandomJokes">
    <failure type="java.lang.AssertionError" message="expected [NoSuchQuoteException] but found [success]">
      <![CDATA[java.lang.AssertionError: expected [NoSuchQuoteException] but found [success]
at com.icndb.resources_data.RestUtilities.assertionType(RestUtilities.java:50)
at com.icndb.random_jokes.TestRandomJokes.testCountOfRandomJokesNegative(TestRandomJokes.java:82)
... Removed 35 stack frames]]>
    </failure>
  </testcase> <!-- testCountOfRandomJokesNegative -->
  <testcase name="testCountOfRandomJokesNegative" time="0.984" classname="com.icndb.random_jokes.TestRandomJokes">
    <failure type="java.lang.AssertionError" message="expected [NoSuchQuoteException] but found [success]">
      <![CDATA[java.lang.AssertionError: expected [NoSuchQuoteException] but found [success]
at com.icndb.resources_data.RestUtilities.assertionType(RestUtilities.java:50)
at com.icndb.random_jokes.TestRandomJokes.testCountOfRandomJokesNegative(TestRandomJokes.java:82)
... Removed 35 stack frames]]>
    </failure>
  </testcase> <!-- testCountOfRandomJokesNegative -->
  <testcase name="testCountOfRandomJokesNegative" time="0.249" classname="com.icndb.random_jokes.TestRandomJokes">
    <failure type="java.lang.AssertionError" message="expected [NoSuchQuoteException] but found [success]">
      <![CDATA[java.lang.AssertionError: expected [NoSuchQuoteException] but found [success]
at com.icndb.resources_data.RestUtilities.assertionType(RestUtilities.java:50)
at com.icndb.random_jokes.TestRandomJokes.testCountOfRandomJokesNegative(TestRandomJokes.java:82)
... Removed 35 stack frames]]>
    </failure>
  </testcase> <!-- testCountOfRandomJokesNegative -->
  <testcase name="testCountOfRandomJokesPositive" time="0.201" classname="com.icndb.random_jokes.TestRandomJokes"/>
  <testcase name="testCountOfRandomJokesPositive" time="0.355" classname="com.icndb.random_jokes.TestRandomJokes"/>
  <testcase name="testCountOfRandomJokesPositive" time="1.46" classname="com.icndb.random_jokes.TestRandomJokes"/>
  <testcase name="testCountOfRandomJokesPositive" time="0.431" classname="com.icndb.random_jokes.TestRandomJokes">
    <failure type="java.lang.AssertionError" message="expected [1000] but found [558]">
      <![CDATA[java.lang.AssertionError: expected [1000] but found [558]
at com.icndb.random_jokes.TestRandomJokes.testCountOfRandomJokesPositive(TestRandomJokes.java:74)
... Removed 35 stack frames]]>
    </failure>
  </testcase> <!-- testCountOfRandomJokesPositive -->
  <testcase name="testRandomJoke" time="1.234" classname="com.icndb.random_jokes.TestRandomJokes"/>
</testsuite> <!-- Test random jokes. -->
